<?xml version="1.0" encoding="UTF-8"?>
<testExecutions version="1">
  <file path="/Users/ssanju/Documents/KT_Plan/UI/Angular/first_app/src/test.ts">
  </file>
  <file path="/Users/ssanju/Documents/KT_Plan/UI/Angular/first_app/src/app/structural-directive/structural-directive.component.spec.ts">
  </file>
  <file path="/Users/ssanju/Documents/KT_Plan/UI/Angular/first_app/src/app/test/test.component.spec.ts">
  </file>
  <file path="/Users/ssanju/Documents/KT_Plan/UI/Angular/first_app/src/app/app.component.spec.ts">
  </file>
</testExecutions>